<?xml version="1.0" encoding="UTF-8"?>
<testng-results skipped="0" failed="0" total="1" passed="1">
  <reporter-output>
  </reporter-output>
  <suite name="HDFC" duration-ms="17784" started-at="2017-01-22T18:53:30Z" finished-at="2017-01-22T18:53:48Z">
    <groups>
    </groups>
    <test name="Features" duration-ms="17784" started-at="2017-01-22T18:53:30Z" finished-at="2017-01-22T18:53:48Z">
      <class name="testscript.Scenario1">
        <test-method status="PASS" signature="setData()[pri:0, instance:testscript.Scenario1@1fd3711]" name="setData" is-config="true" duration-ms="33" started-at="2017-01-23T00:23:30Z" finished-at="2017-01-23T00:23:30Z">
          <reporter-output>
          </reporter-output>
        </test-method> <!-- setData -->
        <test-method status="PASS" signature="beforeMethod(java.lang.String, java.lang.String)[pri:0, instance:testscript.Scenario1@1fd3711]" name="beforeMethod" is-config="true" duration-ms="7459" started-at="2017-01-23T00:23:32Z" finished-at="2017-01-23T00:23:39Z">
          <params>
            <param index="0">
              <value>
                <![CDATA[chrome]]>
              </value>
            </param>
            <param index="1">
              <value>
                <![CDATA[https://netbanking.hdfcbank.com/netbanking/]]>
              </value>
            </param>
          </params>
          <reporter-output>
          </reporter-output>
        </test-method> <!-- beforeMethod -->
        <test-method status="PASS" signature="login1(java.lang.String, java.lang.String)[pri:0, instance:testscript.Scenario1@1fd3711]" name="login1" duration-ms="8505" started-at="2017-01-23T00:23:39Z" data-provider="fetchData" finished-at="2017-01-23T00:23:48Z">
          <params>
            <param index="0">
              <value>
                <![CDATA[53854092]]>
              </value>
            </param>
            <param index="1">
              <value>
                <![CDATA[MITHUsri1732$]]>
              </value>
            </param>
          </params>
          <reporter-output>
          </reporter-output>
        </test-method> <!-- login1 -->
      </class> <!-- testscript.Scenario1 -->
    </test> <!-- Features -->
  </suite> <!-- HDFC -->
</testng-results>
