<?xml version="1.0" encoding="UTF-8"?>
<!-- Generated by org.testng.reporters.JUnitXMLReporter -->
<testsuite hostname="SUCCESS" name="Test" tests="8" failures="0" timestamp="15 Apr 2017 13:38:13 GMT" time="156.236" errors="0">
  <testcase name="backbuttoncheck" time="7.709" classname="testcases.TestCase1"/>
  <testcase name="backbuttoncheck" time="19.743" classname="testcases.TestCase2"/>
  <testcase name="mulbrowsercheck" time="11.175" classname="testcases.TestCase3"/>
  <testcase name="cookiescheck" time="11.025" classname="testcases.TestCase5"/>
  <testcase name="mulsyscheck" time="34.66" classname="testcases.TestCase4"/>
  <testcase name="historycheck" time="18.055" classname="testcases.TestCase6"/>
  <testcase name="sensdatacheck" time="12.378" classname="testcases.TestCase8"/>
  <testcase name="timeoutcheck" time="66.699" classname="testcases.TestCase7"/>
</testsuite> <!-- Test -->
